2011/08/22 11:54:08 [error] [exception.CHttpException.404] exception 'CHttpException' with message 'The requested view "about" was not found.' in /opt/local/apache2/htdocs/fcuk-fragrance/yii/framework/web/actions/CViewAction.php:110
Stack trace:
#0 /opt/local/apache2/htdocs/fcuk-fragrance/yii/framework/web/actions/CViewAction.php(121): CViewAction->resolveView('about')
#1 /opt/local/apache2/htdocs/fcuk-fragrance/yii/framework/web/actions/CAction.php(72): CViewAction->run()
#2 /opt/local/apache2/htdocs/fcuk-fragrance/yii/framework/web/CController.php(300): CAction->runWithParams(Array)
#3 /opt/local/apache2/htdocs/fcuk-fragrance/yii/framework/web/CController.php(278): CController->runAction(Object(CViewAction))
#4 /opt/local/apache2/htdocs/fcuk-fragrance/yii/framework/web/CController.php(257): CController->runActionWithFilters(Object(CViewAction), Array)
#5 /opt/local/apache2/htdocs/fcuk-fragrance/yii/framework/web/CWebApplication.php(277): CController->run('page')
#6 /opt/local/apache2/htdocs/fcuk-fragrance/yii/framework/web/CWebApplication.php(136): CWebApplication->runController('site/page')
#7 /opt/local/apache2/htdocs/fcuk-fragrance/yii/framework/base/CApplication.php(158): CWebApplication->processRequest()
#8 /opt/local/apache2/htdocs/fcuk-fragrance/public-html/index.php(15): CApplication->run()
#9 {main} REQUEST_URI=/index.php/site/page?view=about
2011/08/22 11:54:08 [error] [exception.CHttpException.404] exception 'CHttpException' with message 'The requested view "about" was not found.' in /opt/local/apache2/htdocs/fcuk-fragrance/yii/framework/web/actions/CViewAction.php:110
Stack trace:
#0 /opt/local/apache2/htdocs/fcuk-fragrance/yii/framework/web/actions/CViewAction.php(121): CViewAction->resolveView('about')
#1 /opt/local/apache2/htdocs/fcuk-fragrance/yii/framework/web/actions/CAction.php(72): CViewAction->run()
#2 /opt/local/apache2/htdocs/fcuk-fragrance/yii/framework/web/CController.php(300): CAction->runWithParams(Array)
#3 /opt/local/apache2/htdocs/fcuk-fragrance/yii/framework/web/CController.php(278): CController->runAction(Object(CViewAction))
#4 /opt/local/apache2/htdocs/fcuk-fragrance/yii/framework/web/CController.php(257): CController->runActionWithFilters(Object(CViewAction), Array)
#5 /opt/local/apache2/htdocs/fcuk-fragrance/yii/framework/web/CWebApplication.php(277): CController->run('page')
#6 /opt/local/apache2/htdocs/fcuk-fragrance/yii/framework/web/CWebApplication.php(136): CWebApplication->runController('site/page')
#7 /opt/local/apache2/htdocs/fcuk-fragrance/yii/framework/base/CApplication.php(158): CWebApplication->processRequest()
#8 /opt/local/apache2/htdocs/fcuk-fragrance/public-html/index.php(15): CApplication->run()
#9 {main} REQUEST_URI=/index.php/site/page?view=about
2011/08/22 11:54:09 [error] [exception.CException] exception 'CException' with message 'SiteController cannot find the requested view "contact".' in /opt/local/apache2/htdocs/fcuk-fragrance/yii/framework/web/CController.php:875
Stack trace:
#0 /opt/local/apache2/htdocs/fcuk-fragrance/yii/framework/web/CController.php(779): CController->renderPartial('contact', Array, true)
#1 /opt/local/apache2/htdocs/fcuk-fragrance/public-html/protected/controllers/SiteController.php(66): CController->render('contact', Array)
#2 /opt/local/apache2/htdocs/fcuk-fragrance/yii/framework/web/actions/CInlineAction.php(50): SiteController->actionContact()
#3 /opt/local/apache2/htdocs/fcuk-fragrance/yii/framework/web/CController.php(300): CInlineAction->runWithParams(Array)
#4 /opt/local/apache2/htdocs/fcuk-fragrance/yii/framework/web/CController.php(278): CController->runAction(Object(CInlineAction))
#5 /opt/local/apache2/htdocs/fcuk-fragrance/yii/framework/web/CController.php(257): CController->runActionWithFilters(Object(CInlineAction), Array)
#6 /opt/local/apache2/htdocs/fcuk-fragrance/yii/framework/web/CWebApplication.php(277): CController->run('contact')
#7 /opt/local/apache2/htdocs/fcuk-fragrance/yii/framework/web/CWebApplication.php(136): CWebApplication->runController('site/contact')
#8 /opt/local/apache2/htdocs/fcuk-fragrance/yii/framework/base/CApplication.php(158): CWebApplication->processRequest()
#9 /opt/local/apache2/htdocs/fcuk-fragrance/public-html/index.php(15): CApplication->run()
#10 {main} REQUEST_URI=/index.php/site/contact
2011/08/22 11:54:12 [error] [exception.CHttpException.404] exception 'CHttpException' with message 'The requested view "about" was not found.' in /opt/local/apache2/htdocs/fcuk-fragrance/yii/framework/web/actions/CViewAction.php:110
Stack trace:
#0 /opt/local/apache2/htdocs/fcuk-fragrance/yii/framework/web/actions/CViewAction.php(121): CViewAction->resolveView('about')
#1 /opt/local/apache2/htdocs/fcuk-fragrance/yii/framework/web/actions/CAction.php(72): CViewAction->run()
#2 /opt/local/apache2/htdocs/fcuk-fragrance/yii/framework/web/CController.php(300): CAction->runWithParams(Array)
#3 /opt/local/apache2/htdocs/fcuk-fragrance/yii/framework/web/CController.php(278): CController->runAction(Object(CViewAction))
#4 /opt/local/apache2/htdocs/fcuk-fragrance/yii/framework/web/CController.php(257): CController->runActionWithFilters(Object(CViewAction), Array)
#5 /opt/local/apache2/htdocs/fcuk-fragrance/yii/framework/web/CWebApplication.php(277): CController->run('page')
#6 /opt/local/apache2/htdocs/fcuk-fragrance/yii/framework/web/CWebApplication.php(136): CWebApplication->runController('site/page')
#7 /opt/local/apache2/htdocs/fcuk-fragrance/yii/framework/base/CApplication.php(158): CWebApplication->processRequest()
#8 /opt/local/apache2/htdocs/fcuk-fragrance/public-html/index.php(15): CApplication->run()
#9 {main} REQUEST_URI=/index.php/site/page?view=about
2011/08/22 11:54:15 [error] [exception.CHttpException.404] exception 'CHttpException' with message 'The requested view "about" was not found.' in /opt/local/apache2/htdocs/fcuk-fragrance/yii/framework/web/actions/CViewAction.php:110
Stack trace:
#0 /opt/local/apache2/htdocs/fcuk-fragrance/yii/framework/web/actions/CViewAction.php(121): CViewAction->resolveView('about')
#1 /opt/local/apache2/htdocs/fcuk-fragrance/yii/framework/web/actions/CAction.php(72): CViewAction->run()
#2 /opt/local/apache2/htdocs/fcuk-fragrance/yii/framework/web/CController.php(300): CAction->runWithParams(Array)
#3 /opt/local/apache2/htdocs/fcuk-fragrance/yii/framework/web/CController.php(278): CController->runAction(Object(CViewAction))
#4 /opt/local/apache2/htdocs/fcuk-fragrance/yii/framework/web/CController.php(257): CController->runActionWithFilters(Object(CViewAction), Array)
#5 /opt/local/apache2/htdocs/fcuk-fragrance/yii/framework/web/CWebApplication.php(277): CController->run('page')
#6 /opt/local/apache2/htdocs/fcuk-fragrance/yii/framework/web/CWebApplication.php(136): CWebApplication->runController('site/page')
#7 /opt/local/apache2/htdocs/fcuk-fragrance/yii/framework/base/CApplication.php(158): CWebApplication->processRequest()
#8 /opt/local/apache2/htdocs/fcuk-fragrance/public-html/index.php(15): CApplication->run()
#9 {main} REQUEST_URI=/index.php/site/page?view=about
2011/08/22 11:57:51 [error] [exception.CHttpException.404] exception 'CHttpException' with message 'The requested view "about" was not found.' in /opt/local/apache2/htdocs/fcuk-fragrance/yii/framework/web/actions/CViewAction.php:110
Stack trace:
#0 /opt/local/apache2/htdocs/fcuk-fragrance/yii/framework/web/actions/CViewAction.php(121): CViewAction->resolveView('about')
#1 /opt/local/apache2/htdocs/fcuk-fragrance/yii/framework/web/actions/CAction.php(72): CViewAction->run()
#2 /opt/local/apache2/htdocs/fcuk-fragrance/yii/framework/web/CController.php(300): CAction->runWithParams(Array)
#3 /opt/local/apache2/htdocs/fcuk-fragrance/yii/framework/web/CController.php(278): CController->runAction(Object(CViewAction))
#4 /opt/local/apache2/htdocs/fcuk-fragrance/yii/framework/web/CController.php(257): CController->runActionWithFilters(Object(CViewAction), Array)
#5 /opt/local/apache2/htdocs/fcuk-fragrance/yii/framework/web/CWebApplication.php(277): CController->run('page')
#6 /opt/local/apache2/htdocs/fcuk-fragrance/yii/framework/web/CWebApplication.php(136): CWebApplication->runController('site/page')
#7 /opt/local/apache2/htdocs/fcuk-fragrance/yii/framework/base/CApplication.php(158): CWebApplication->processRequest()
#8 /opt/local/apache2/htdocs/fcuk-fragrance/public-html/index.php(15): CApplication->run()
#9 {main} REQUEST_URI=/index.php/site/page?view=about
2011/08/22 11:57:54 [error] [exception.CHttpException.404] exception 'CHttpException' with message 'The requested view "about" was not found.' in /opt/local/apache2/htdocs/fcuk-fragrance/yii/framework/web/actions/CViewAction.php:110
Stack trace:
#0 /opt/local/apache2/htdocs/fcuk-fragrance/yii/framework/web/actions/CViewAction.php(121): CViewAction->resolveView('about')
#1 /opt/local/apache2/htdocs/fcuk-fragrance/yii/framework/web/actions/CAction.php(72): CViewAction->run()
#2 /opt/local/apache2/htdocs/fcuk-fragrance/yii/framework/web/CController.php(300): CAction->runWithParams(Array)
#3 /opt/local/apache2/htdocs/fcuk-fragrance/yii/framework/web/CController.php(278): CController->runAction(Object(CViewAction))
#4 /opt/local/apache2/htdocs/fcuk-fragrance/yii/framework/web/CController.php(257): CController->runActionWithFilters(Object(CViewAction), Array)
#5 /opt/local/apache2/htdocs/fcuk-fragrance/yii/framework/web/CWebApplication.php(277): CController->run('page')
#6 /opt/local/apache2/htdocs/fcuk-fragrance/yii/framework/web/CWebApplication.php(136): CWebApplication->runController('site/page')
#7 /opt/local/apache2/htdocs/fcuk-fragrance/yii/framework/base/CApplication.php(158): CWebApplication->processRequest()
#8 /opt/local/apache2/htdocs/fcuk-fragrance/public-html/index.php(15): CApplication->run()
#9 {main} REQUEST_URI=/index.php/site/page?view=about
2011/08/22 11:57:55 [error] [exception.CHttpException.404] exception 'CHttpException' with message 'The requested view "about" was not found.' in /opt/local/apache2/htdocs/fcuk-fragrance/yii/framework/web/actions/CViewAction.php:110
Stack trace:
#0 /opt/local/apache2/htdocs/fcuk-fragrance/yii/framework/web/actions/CViewAction.php(121): CViewAction->resolveView('about')
#1 /opt/local/apache2/htdocs/fcuk-fragrance/yii/framework/web/actions/CAction.php(72): CViewAction->run()
#2 /opt/local/apache2/htdocs/fcuk-fragrance/yii/framework/web/CController.php(300): CAction->runWithParams(Array)
#3 /opt/local/apache2/htdocs/fcuk-fragrance/yii/framework/web/CController.php(278): CController->runAction(Object(CViewAction))
#4 /opt/local/apache2/htdocs/fcuk-fragrance/yii/framework/web/CController.php(257): CController->runActionWithFilters(Object(CViewAction), Array)
#5 /opt/local/apache2/htdocs/fcuk-fragrance/yii/framework/web/CWebApplication.php(277): CController->run('page')
#6 /opt/local/apache2/htdocs/fcuk-fragrance/yii/framework/web/CWebApplication.php(136): CWebApplication->runController('site/page')
#7 /opt/local/apache2/htdocs/fcuk-fragrance/yii/framework/base/CApplication.php(158): CWebApplication->processRequest()
#8 /opt/local/apache2/htdocs/fcuk-fragrance/public-html/index.php(15): CApplication->run()
#9 {main} REQUEST_URI=/index.php/site/page?view=about
2011/08/22 11:57:55 [error] [exception.CHttpException.404] exception 'CHttpException' with message 'The requested view "about" was not found.' in /opt/local/apache2/htdocs/fcuk-fragrance/yii/framework/web/actions/CViewAction.php:110
Stack trace:
#0 /opt/local/apache2/htdocs/fcuk-fragrance/yii/framework/web/actions/CViewAction.php(121): CViewAction->resolveView('about')
#1 /opt/local/apache2/htdocs/fcuk-fragrance/yii/framework/web/actions/CAction.php(72): CViewAction->run()
#2 /opt/local/apache2/htdocs/fcuk-fragrance/yii/framework/web/CController.php(300): CAction->runWithParams(Array)
#3 /opt/local/apache2/htdocs/fcuk-fragrance/yii/framework/web/CController.php(278): CController->runAction(Object(CViewAction))
#4 /opt/local/apache2/htdocs/fcuk-fragrance/yii/framework/web/CController.php(257): CController->runActionWithFilters(Object(CViewAction), Array)
#5 /opt/local/apache2/htdocs/fcuk-fragrance/yii/framework/web/CWebApplication.php(277): CController->run('page')
#6 /opt/local/apache2/htdocs/fcuk-fragrance/yii/framework/web/CWebApplication.php(136): CWebApplication->runController('site/page')
#7 /opt/local/apache2/htdocs/fcuk-fragrance/yii/framework/base/CApplication.php(158): CWebApplication->processRequest()
#8 /opt/local/apache2/htdocs/fcuk-fragrance/public-html/index.php(15): CApplication->run()
#9 {main} REQUEST_URI=/index.php/site/page?view=about
2011/08/22 11:57:56 [error] [exception.CHttpException.404] exception 'CHttpException' with message 'The requested view "about" was not found.' in /opt/local/apache2/htdocs/fcuk-fragrance/yii/framework/web/actions/CViewAction.php:110
Stack trace:
#0 /opt/local/apache2/htdocs/fcuk-fragrance/yii/framework/web/actions/CViewAction.php(121): CViewAction->resolveView('about')
#1 /opt/local/apache2/htdocs/fcuk-fragrance/yii/framework/web/actions/CAction.php(72): CViewAction->run()
#2 /opt/local/apache2/htdocs/fcuk-fragrance/yii/framework/web/CController.php(300): CAction->runWithParams(Array)
#3 /opt/local/apache2/htdocs/fcuk-fragrance/yii/framework/web/CController.php(278): CController->runAction(Object(CViewAction))
#4 /opt/local/apache2/htdocs/fcuk-fragrance/yii/framework/web/CController.php(257): CController->runActionWithFilters(Object(CViewAction), Array)
#5 /opt/local/apache2/htdocs/fcuk-fragrance/yii/framework/web/CWebApplication.php(277): CController->run('page')
#6 /opt/local/apache2/htdocs/fcuk-fragrance/yii/framework/web/CWebApplication.php(136): CWebApplication->runController('site/page')
#7 /opt/local/apache2/htdocs/fcuk-fragrance/yii/framework/base/CApplication.php(158): CWebApplication->processRequest()
#8 /opt/local/apache2/htdocs/fcuk-fragrance/public-html/index.php(15): CApplication->run()
#9 {main} REQUEST_URI=/index.php/site/page?view=about
2011/08/22 11:57:56 [error] [exception.CHttpException.404] exception 'CHttpException' with message 'The requested view "about" was not found.' in /opt/local/apache2/htdocs/fcuk-fragrance/yii/framework/web/actions/CViewAction.php:110
Stack trace:
#0 /opt/local/apache2/htdocs/fcuk-fragrance/yii/framework/web/actions/CViewAction.php(121): CViewAction->resolveView('about')
#1 /opt/local/apache2/htdocs/fcuk-fragrance/yii/framework/web/actions/CAction.php(72): CViewAction->run()
#2 /opt/local/apache2/htdocs/fcuk-fragrance/yii/framework/web/CController.php(300): CAction->runWithParams(Array)
#3 /opt/local/apache2/htdocs/fcuk-fragrance/yii/framework/web/CController.php(278): CController->runAction(Object(CViewAction))
#4 /opt/local/apache2/htdocs/fcuk-fragrance/yii/framework/web/CController.php(257): CController->runActionWithFilters(Object(CViewAction), Array)
#5 /opt/local/apache2/htdocs/fcuk-fragrance/yii/framework/web/CWebApplication.php(277): CController->run('page')
#6 /opt/local/apache2/htdocs/fcuk-fragrance/yii/framework/web/CWebApplication.php(136): CWebApplication->runController('site/page')
#7 /opt/local/apache2/htdocs/fcuk-fragrance/yii/framework/base/CApplication.php(158): CWebApplication->processRequest()
#8 /opt/local/apache2/htdocs/fcuk-fragrance/public-html/index.php(15): CApplication->run()
#9 {main} REQUEST_URI=/index.php/site/page?view=about
2011/08/22 11:57:57 [error] [exception.CHttpException.404] exception 'CHttpException' with message 'The requested view "about" was not found.' in /opt/local/apache2/htdocs/fcuk-fragrance/yii/framework/web/actions/CViewAction.php:110
Stack trace:
#0 /opt/local/apache2/htdocs/fcuk-fragrance/yii/framework/web/actions/CViewAction.php(121): CViewAction->resolveView('about')
#1 /opt/local/apache2/htdocs/fcuk-fragrance/yii/framework/web/actions/CAction.php(72): CViewAction->run()
#2 /opt/local/apache2/htdocs/fcuk-fragrance/yii/framework/web/CController.php(300): CAction->runWithParams(Array)
#3 /opt/local/apache2/htdocs/fcuk-fragrance/yii/framework/web/CController.php(278): CController->runAction(Object(CViewAction))
#4 /opt/local/apache2/htdocs/fcuk-fragrance/yii/framework/web/CController.php(257): CController->runActionWithFilters(Object(CViewAction), Array)
#5 /opt/local/apache2/htdocs/fcuk-fragrance/yii/framework/web/CWebApplication.php(277): CController->run('page')
#6 /opt/local/apache2/htdocs/fcuk-fragrance/yii/framework/web/CWebApplication.php(136): CWebApplication->runController('site/page')
#7 /opt/local/apache2/htdocs/fcuk-fragrance/yii/framework/base/CApplication.php(158): CWebApplication->processRequest()
#8 /opt/local/apache2/htdocs/fcuk-fragrance/public-html/index.php(15): CApplication->run()
#9 {main} REQUEST_URI=/index.php/site/page?view=about
2011/08/22 11:57:57 [error] [exception.CHttpException.404] exception 'CHttpException' with message 'The requested view "about" was not found.' in /opt/local/apache2/htdocs/fcuk-fragrance/yii/framework/web/actions/CViewAction.php:110
Stack trace:
#0 /opt/local/apache2/htdocs/fcuk-fragrance/yii/framework/web/actions/CViewAction.php(121): CViewAction->resolveView('about')
#1 /opt/local/apache2/htdocs/fcuk-fragrance/yii/framework/web/actions/CAction.php(72): CViewAction->run()
#2 /opt/local/apache2/htdocs/fcuk-fragrance/yii/framework/web/CController.php(300): CAction->runWithParams(Array)
#3 /opt/local/apache2/htdocs/fcuk-fragrance/yii/framework/web/CController.php(278): CController->runAction(Object(CViewAction))
#4 /opt/local/apache2/htdocs/fcuk-fragrance/yii/framework/web/CController.php(257): CController->runActionWithFilters(Object(CViewAction), Array)
#5 /opt/local/apache2/htdocs/fcuk-fragrance/yii/framework/web/CWebApplication.php(277): CController->run('page')
#6 /opt/local/apache2/htdocs/fcuk-fragrance/yii/framework/web/CWebApplication.php(136): CWebApplication->runController('site/page')
#7 /opt/local/apache2/htdocs/fcuk-fragrance/yii/framework/base/CApplication.php(158): CWebApplication->processRequest()
#8 /opt/local/apache2/htdocs/fcuk-fragrance/public-html/index.php(15): CApplication->run()
#9 {main} REQUEST_URI=/index.php/site/page?view=about
2011/08/22 11:57:57 [error] [exception.CHttpException.404] exception 'CHttpException' with message 'The requested view "about" was not found.' in /opt/local/apache2/htdocs/fcuk-fragrance/yii/framework/web/actions/CViewAction.php:110
Stack trace:
#0 /opt/local/apache2/htdocs/fcuk-fragrance/yii/framework/web/actions/CViewAction.php(121): CViewAction->resolveView('about')
#1 /opt/local/apache2/htdocs/fcuk-fragrance/yii/framework/web/actions/CAction.php(72): CViewAction->run()
#2 /opt/local/apache2/htdocs/fcuk-fragrance/yii/framework/web/CController.php(300): CAction->runWithParams(Array)
#3 /opt/local/apache2/htdocs/fcuk-fragrance/yii/framework/web/CController.php(278): CController->runAction(Object(CViewAction))
#4 /opt/local/apache2/htdocs/fcuk-fragrance/yii/framework/web/CController.php(257): CController->runActionWithFilters(Object(CViewAction), Array)
#5 /opt/local/apache2/htdocs/fcuk-fragrance/yii/framework/web/CWebApplication.php(277): CController->run('page')
#6 /opt/local/apache2/htdocs/fcuk-fragrance/yii/framework/web/CWebApplication.php(136): CWebApplication->runController('site/page')
#7 /opt/local/apache2/htdocs/fcuk-fragrance/yii/framework/base/CApplication.php(158): CWebApplication->processRequest()
#8 /opt/local/apache2/htdocs/fcuk-fragrance/public-html/index.php(15): CApplication->run()
#9 {main} REQUEST_URI=/index.php/site/page?view=about
2011/08/22 11:57:58 [error] [exception.CHttpException.404] exception 'CHttpException' with message 'The requested view "about" was not found.' in /opt/local/apache2/htdocs/fcuk-fragrance/yii/framework/web/actions/CViewAction.php:110
Stack trace:
#0 /opt/local/apache2/htdocs/fcuk-fragrance/yii/framework/web/actions/CViewAction.php(121): CViewAction->resolveView('about')
#1 /opt/local/apache2/htdocs/fcuk-fragrance/yii/framework/web/actions/CAction.php(72): CViewAction->run()
#2 /opt/local/apache2/htdocs/fcuk-fragrance/yii/framework/web/CController.php(300): CAction->runWithParams(Array)
#3 /opt/local/apache2/htdocs/fcuk-fragrance/yii/framework/web/CController.php(278): CController->runAction(Object(CViewAction))
#4 /opt/local/apache2/htdocs/fcuk-fragrance/yii/framework/web/CController.php(257): CController->runActionWithFilters(Object(CViewAction), Array)
#5 /opt/local/apache2/htdocs/fcuk-fragrance/yii/framework/web/CWebApplication.php(277): CController->run('page')
#6 /opt/local/apache2/htdocs/fcuk-fragrance/yii/framework/web/CWebApplication.php(136): CWebApplication->runController('site/page')
#7 /opt/local/apache2/htdocs/fcuk-fragrance/yii/framework/base/CApplication.php(158): CWebApplication->processRequest()
#8 /opt/local/apache2/htdocs/fcuk-fragrance/public-html/index.php(15): CApplication->run()
#9 {main} REQUEST_URI=/index.php/site/page?view=about
